[2016.02.16-15.30.57:562][  0]Log file open, 02/16/16 16:30:57
[2016.02.16-15.30.57:562][  0]LogInit:Display: Running engine for game: ProjetAnnuel
[2016.02.16-15.30.57:563][  0]LogInit:Display: RandInit(-621825305) SRandInit(-621825304).
[2016.02.16-15.30.57:563][  0]LogTaskGraph: Started task graph with 4 named threads and 5 total threads.
[2016.02.16-15.30.57:563][  0]LogStats: Stats thread started at 0.053924
[2016.02.16-15.30.57:563][  0]LogInit: Version: 4.9.2-2707645+++depot+UE4-Releases+4.9
[2016.02.16-15.30.57:563][  0]LogInit: API Version: 2672455
[2016.02.16-15.30.57:563][  0]LogInit: Compiled (64-bit): Sep 28 2015 10:25:44
[2016.02.16-15.30.57:563][  0]LogInit: Compiled with Visual C++: 18.00.21005.01
[2016.02.16-15.30.57:563][  0]LogInit: Build Configuration: Development
[2016.02.16-15.30.57:563][  0]LogInit: Branch Name: ++depot+UE4-Releases+4.9
[2016.02.16-15.30.57:563][  0]LogInit: Command line:  
[2016.02.16-15.30.57:563][  0]LogInit: Base directory: C:/Program Files/Epic Games/4.9/Engine/Binaries/Win64/
[2016.02.16-15.30.57:563][  0]LogInit: Rocket: 1
[2016.02.16-15.30.57:602][  0]LogInit: Using libcurl 7.41.0
[2016.02.16-15.30.57:602][  0]LogInit:  - built for x86_64-pc-win32
[2016.02.16-15.30.57:602][  0]LogInit:  - supports SSL with WinSSL
[2016.02.16-15.30.57:602][  0]LogInit:  - other features:
[2016.02.16-15.30.57:602][  0]LogInit:      CURL_VERSION_SSL
[2016.02.16-15.30.57:602][  0]LogInit:      CURL_VERSION_IPV6
[2016.02.16-15.30.57:602][  0]LogInit:      CURL_VERSION_ASYNCHDNS
[2016.02.16-15.30.57:602][  0]LogInit:      CURL_VERSION_LARGEFILE
[2016.02.16-15.30.57:602][  0]LogInit:      CURL_VERSION_IDN
[2016.02.16-15.30.57:602][  0]LogInit:  CurlRequestOptions (configurable via config and command line):
[2016.02.16-15.30.57:602][  0]LogInit:  - bVerifyPeer = true  - Libcurl will verify peer certificate
[2016.02.16-15.30.57:602][  0]LogInit:  - bUseHttpProxy = false  - Libcurl will NOT use HTTP proxy
[2016.02.16-15.30.57:602][  0]LogInit:  - bDontReuseConnections = false  - Libcurl will reuse connections
[2016.02.16-15.30.57:602][  0]LogInit:  - CertBundlePath = nullptr  - Libcurl will use whatever was configured at build time.
[2016.02.16-15.30.57:621][  0]LogInit: Presizing for 0 objects not considered by GC, pre-allocating 0 bytes.
[2016.02.16-15.30.57:632][  0]LogInit: Object subsystem initialized
[2016.02.16-15.30.57:634][  0]LogInit: Selected Device Profile: [Windows]
[2016.02.16-15.30.57:634][  0]LogInit: Applying CVar settings loaded from the selected device profile: [Windows]
[2016.02.16-15.30.57:647][  0]LogInit: Computer: RYOKAN-LAPTOP
[2016.02.16-15.30.57:647][  0]LogInit: User: Lucas
[2016.02.16-15.30.57:647][  0]LogInit: CPU Page size=4096, Cores=2
[2016.02.16-15.30.57:647][  0]LogInit: High frequency timer resolution =2.728072 MHz
[2016.02.16-15.30.57:648][  0]LogMemory: Memory total: Physical=7.9GB (8GB approx)
[2016.02.16-15.30.57:648][  0]LogMemory: Platform Memory Stats for Windows
[2016.02.16-15.30.57:648][  0]LogMemory: Process Physical Memory: 54.00 MB used, 54.00 MB peak
[2016.02.16-15.30.57:648][  0]LogMemory: Process Virtual Memory: 57.25 MB used, 57.25 MB peak
[2016.02.16-15.30.57:648][  0]LogMemory: Physical Memory: 2708.83 MB used, 8074.94 MB total
[2016.02.16-15.30.57:648][  0]LogMemory: Virtual Memory: 365.80 MB used, 134217728.00 MB total
[2016.02.16-15.30.57:685][  0]LogTextLocalizationManager: No translations for ('fr-FR') exist, falling back to 'en' for localization and internationalization data.
[2016.02.16-15.30.58:489][  0]LogD3D11RHI: Found D3D11 adapter 0: NVIDIA GeForce GTX 850M           (Feature Level 11_0)
[2016.02.16-15.30.58:489][  0]LogD3D11RHI: Adapter has 1995MB of dedicated video memory, 0MB of dedicated system memory, and 4037MB of shared system memory, 1 output[s]
[2016.02.16-15.30.58:494][  0]LogD3D11RHI: Found D3D11 adapter 1: Intel(R) HD Graphics 4600 (Feature Level 11_0)
[2016.02.16-15.30.58:494][  0]LogD3D11RHI: Adapter has 112MB of dedicated video memory, 0MB of dedicated system memory, and 4037MB of shared system memory, 0 output[s]
[2016.02.16-15.30.58:495][  0]LogD3D11RHI: Found D3D11 adapter 2: Microsoft Basic Render Driver (Feature Level 11_0)
[2016.02.16-15.30.58:495][  0]LogD3D11RHI: Adapter has 0MB of dedicated video memory, 0MB of dedicated system memory, and 4037MB of shared system memory, 0 output[s]
[2016.02.16-15.30.58:495][  0]LogD3D11RHI: Chosen D3D11 Adapter Id = 0
[2016.02.16-15.30.58:500][  0]LogD3D11RHI: !Direct3DDevice
[2016.02.16-15.30.58:500][  0]LogRHI: Texture pool is 1361 MB (70% of 1945 MB)
[2016.02.16-15.30.58:512][  0]LogD3D11RHI: Async texture creation enabled
[2016.02.16-15.30.58:528][  0]LogShaderCompilers: Guid format shader working directory is 15 characters bigger than the processId version (E:/Occulus_Party/Occulus_Party_Git_2/LOQUET_TIXIER_WATHTHUHEWA_Projet_Annuel/ProjetAnnuel/ProjetAnnuel/Intermediate/Shaders/WorkingDirectory/3768/).
[2016.02.16-15.30.58:528][  0]LogShaderCompilers: Cleaned the shader compiler working directory 'E:/Occulus_Party/Occulus_Party_Git_2/LOQUET_TIXIER_WATHTHUHEWA_Projet_Annuel/ProjetAnnuel/ProjetAnnuel/Intermediate/Shaders/tmp/ECD7F3934205761BA61069AA39AE5D49/'.
[2016.02.16-15.30.58:528][  0]LogShaderCompilers:Display: Using Local Shader Compiler.
[2016.02.16-15.31.00:901][  0]LogTemp:Display: Loaded TP AllDesktopTargetPlatform
[2016.02.16-15.31.00:907][  0]LogTemp:Display: Loaded TP WindowsClientTargetPlatform
[2016.02.16-15.31.00:912][  0]LogTemp:Display: Loaded TP WindowsNoEditorTargetPlatform
[2016.02.16-15.31.00:917][  0]LogTemp:Display: Loaded TP WindowsServerTargetPlatform
[2016.02.16-15.31.00:922][  0]LogTemp:Display: Loaded TP WindowsTargetPlatform
[2016.02.16-15.31.00:925][  0]LogTemp:Display: Loaded TP AndroidTargetPlatform
[2016.02.16-15.31.00:929][  0]LogTemp:Display: Loaded TP Android_ASTCTargetPlatform
[2016.02.16-15.31.00:932][  0]LogTemp:Display: Loaded TP Android_ATCTargetPlatform
[2016.02.16-15.31.00:935][  0]LogTemp:Display: Loaded TP Android_DXTTargetPlatform
[2016.02.16-15.31.00:938][  0]LogTemp:Display: Loaded TP Android_ETC1TargetPlatform
[2016.02.16-15.31.00:942][  0]LogTemp:Display: Loaded TP Android_ETC2TargetPlatform
[2016.02.16-15.31.00:945][  0]LogTemp:Display: Loaded TP Android_PVRTCTargetPlatform
[2016.02.16-15.31.00:946][  0]LogTemp:Display: Loaded TP HTML5TargetPlatform
[2016.02.16-15.31.00:963][  0]LogTemp:Display: Loaded TP IOSTargetPlatform
[2016.02.16-15.31.00:966][  0]LogTemp:Display: Loaded TP LinuxNoEditorTargetPlatform
[2016.02.16-15.31.00:969][  0]LogTemp:Display: Loaded TP LinuxServerTargetPlatform
[2016.02.16-15.31.00:973][  0]LogTemp:Display: Loaded TP LinuxTargetPlatform
[2016.02.16-15.31.00:973][  0]LogTargetPlatformManager:Display: Building Assets For Windows
[2016.02.16-15.31.01:052][  0]LogDerivedDataCache:Display: Max Cache Size: 512 MB
[2016.02.16-15.31.01:098][  0]LogDerivedDataCache: Loaded boot cache 0.05s 42MB C:/Users/Lucas/AppData/Local/UnrealEngine/4.9/DerivedDataCache/Boot.ddc.
[2016.02.16-15.31.01:098][  0]LogDerivedDataCache:Display: Loaded Boot cache: C:/Users/Lucas/AppData/Local/UnrealEngine/4.9/DerivedDataCache/Boot.ddc
[2016.02.16-15.31.01:098][  0]LogDerivedDataCache: FDerivedDataBackendGraph:  Pak pak cache file E:/Occulus_Party/Occulus_Party_Git_2/LOQUET_TIXIER_WATHTHUHEWA_Projet_Annuel/ProjetAnnuel/ProjetAnnuel/DerivedDataCache/DDC.ddp not found, will not use a pak cache.
[2016.02.16-15.31.01:098][  0]LogDerivedDataCache: Unable to find inner node Pak for hierarchical cache Hierarchy.
[2016.02.16-15.31.01:098][  0]LogDerivedDataCache: FDerivedDataBackendGraph:  CompressedPak pak cache file E:/Occulus_Party/Occulus_Party_Git_2/LOQUET_TIXIER_WATHTHUHEWA_Projet_Annuel/ProjetAnnuel/ProjetAnnuel/DerivedDataCache/Compressed.ddp not found, will not use a pak cache.
[2016.02.16-15.31.01:098][  0]LogDerivedDataCache: Unable to find inner node CompressedPak for hierarchical cache Hierarchy.
[2016.02.16-15.31.01:233][  0]LogDerivedDataCache:Display: Pak cache opened for reading ../../../Engine/DerivedDataCache/Compressed.ddp.
[2016.02.16-15.31.01:245][  0]LogDerivedDataCache: Using Local data cache path C:/Users/Lucas/AppData/Local/UnrealEngine/Common/DerivedDataCache: Writable
[2016.02.16-15.31.01:409][  0]LogInit: Selected Device Profile: [Windows]
[2016.02.16-15.31.01:412][  0]LogContentStreaming: Texture pool size is 0.000000MB
[2016.02.16-15.31.01:532][  0]LogMeshUtilities: No automatic mesh reduction module available
[2016.02.16-15.31.01:532][  0]LogMeshUtilities: No automatic mesh merging module available
[2016.02.16-15.31.01:797][  0]LogInit: WinSock: version 1.1 (2.2), MaxSocks=32767, MaxUdp=65467
[2016.02.16-15.31.02:453][  0]UdpMessaging: Initializing bridge on interface 0.0.0.0:0 to multicast group 230.0.0.1:6666.
[2016.02.16-15.31.02:713][  0]LogAssetRegistry: FAssetRegistry took 0.0110 seconds to start up
[2016.02.16-15.31.02:891][  0]SourceControl: Info Source control is disabled
[2016.02.16-15.31.02:927][  0]SourceControl: Info Source control is disabled
[2016.02.16-15.31.02:937][  0]SourceControl: Info Source control is disabled
[2016.02.16-15.31.02:947][  0]SourceControl: Info Source control is disabled
[2016.02.16-15.31.03:083][  0]LogLinker:Warning: Asset '../../../Engine/Plugins/Runtime/LeapMotionController/Content/LM_PassthroughMaterial.uasset' has been saved with empty engine version. The asset will be loaded but may be incompatible.
[2016.02.16-15.31.03:182][  0]LogObj: 28452 objects as part of root set at end of initial load.
[2016.02.16-15.31.03:182][  0]LogUObjectAllocator: 6086408 out of 0 bytes used by permanent object pool.
[2016.02.16-15.31.03:243][  0]LogEngine: Initializing Engine...
[2016.02.16-15.31.03:245][  0]LogHMD: Can't find Oculus library dev build: is proper Runtime installed? Version: 0.7.0.0
[2016.02.16-15.31.03:245][  0]LogHMD: SteamVR failed to initialize.  Err: 110
[2016.02.16-15.31.03:370][  0]LogAIModule: Creating AISystem for world NewWorld
[2016.02.16-15.31.03:375][  0]LogInit: XAudio2 using 'Haut-parleurs (Realtek High Definition Audio)' : 2 channels at 48 kHz using 32 bits per sample (channel mask 0x3)
[2016.02.16-15.31.03:485][  0]LogInit: FAudioDevice initialized.
[2016.02.16-15.31.03:512][  0]LogDerivedDataCache: Saved boot cache 0.03s 42MB C:/Users/Lucas/AppData/Local/UnrealEngine/4.9/DerivedDataCache/Boot.ddc.
[2016.02.16-15.31.03:520][  0]LogInit: Texture streaming: Enabled
[2016.02.16-15.31.03:527][  0]LogAnalytics: Creating configured Analytics provider AnalyticsET
[2016.02.16-15.31.03:527][  0]LogAnalytics: [UEEditor.Rocket.Release] APIServer = http://et2.epicgames.com/ET2/. AppVersion = 4.9.2-2707645+++depot+UE4-Releases+4.9
[2016.02.16-15.31.03:527][  0]LogAnalytics: [UEEditor.Rocket.Release] SetUserId 9d9200a54e28d10147eed18341b5ba9b|f21ee79eea094eca92c1b04f571f59a1|268f2613-2cc8-45d2-abdb-3f7c77635f86
[2016.02.16-15.31.03:527][  0]LogAnalytics: [UEEditor.Rocket.Release] AnalyticsET::StartSession
[2016.02.16-15.31.03:557][  0]LogInit: Transaction tracking system initialized
[2016.02.16-15.31.03:594][  0]BlueprintLog: New page: Editor Load
[2016.02.16-15.31.03:752][  0]LocalizationService: Info Localization service is disabled
[2016.02.16-15.31.03:867][  0]LogConsoleResponse:Display: 
[2016.02.16-15.31.04:042][  0]LogCook:Display: Done creating registry. It took  0.00s.
[2016.02.16-15.31.04:111][  0]LogFileCache: Scanning file cache for directory 'E:/Occulus_Party/Occulus_Party_Git_2/LOQUET_TIXIER_WATHTHUHEWA_Projet_Annuel/ProjetAnnuel/ProjetAnnuel/Content/' took 0.02s
[2016.02.16-15.31.04:111][  0]SourceControl: Info Source control is disabled
[2016.02.16-15.31.04:111][  0]Cmd: MAP LOAD FILE="../../../Engine/Content/Maps/Templates/Template_Default.umap" TEMPLATE=1 SHOWPROGRESS=1 FEATURELEVEL=3
[2016.02.16-15.31.04:111][  0]LightingResults: New page: Lighting Build
[2016.02.16-15.31.04:116][  0]MapCheck: New page: Map Check
[2016.02.16-15.31.04:117][  0]LightingResults: New page: Lighting Build
[2016.02.16-15.31.04:143][  0]LogParticles: Destroying 0 GPU particle simulations for FXSystem 0x000000BD0DC46160
[2016.02.16-15.31.04:529][  0]LogAIModule: Creating AISystem for world Untitled_1
[2016.02.16-15.31.04:535][  0]LogEditorServer: Finished looking for orphan Actors (0.000 secs)
[2016.02.16-15.31.04:540][  0]Cmd: MAP CHECKDEP NOCLEARLOG
[2016.02.16-15.31.04:606][  0]MapCheck: Info Map check complete: 0 Error(s), 0 Warning(s), took 65.61ms to complete.
[2016.02.16-15.31.04:606][  0]LogFileHelpers: Loading map 'Template_Default' took 0.495
[2016.02.16-15.31.04:767][  0]LogCollectionManager: Loaded 0 collections in 0.004286 seconds
[2016.02.16-15.31.04:818][  0]LogFileCache: Scanning file cache for directory 'E:/Occulus_Party/Occulus_Party_Git_2/LOQUET_TIXIER_WATHTHUHEWA_Projet_Annuel/ProjetAnnuel/ProjetAnnuel/Saved/Collections/' took 0.01s
[2016.02.16-15.31.04:818][  0]LogFileCache: Scanning file cache for directory 'E:/Occulus_Party/Occulus_Party_Git_2/LOQUET_TIXIER_WATHTHUHEWA_Projet_Annuel/ProjetAnnuel/ProjetAnnuel/Content/Developers/Lucas/Collections/' took 0.01s
[2016.02.16-15.31.04:818][  0]LogFileCache: Scanning file cache for directory 'E:/Occulus_Party/Occulus_Party_Git_2/LOQUET_TIXIER_WATHTHUHEWA_Projet_Annuel/ProjetAnnuel/ProjetAnnuel/Content/Collections/' took 0.01s
[2016.02.16-15.31.04:818][  0]LogContentBrowser: Native class hierarchy populated in 0.0124 seconds. Added 1873 classes and 335 folders.
[2016.02.16-15.31.04:835][  0]LogCollectionManager: Rebuilt the GUID cache for 0 collections in 0.000003 seconds
[2016.02.16-15.31.04:853][  0]LogContentBrowser: Native class hierarchy updated for 'WidgetCarousel' in 0.0020 seconds. Added 0 classes and 0 folders.
[2016.02.16-15.31.05:204][  0]LogContentBrowser: Native class hierarchy updated for 'AddContentDialog' in 0.0012 seconds. Added 0 classes and 0 folders.
[2016.02.16-15.31.05:214][  0]LogContentBrowser: Native class hierarchy updated for 'SceneOutliner' in 0.0016 seconds. Added 1 classes and 2 folders.
[2016.02.16-15.31.05:369][  0]LogCrashTracker: Crashtracker disabled due to settings.
[2016.02.16-15.31.05:380][  0]LogUObjectGlobals:Warning: Failed to find object 'Class None.'
[2016.02.16-15.31.05:404][  0]LogLoad: Full Startup: 8.91 seconds (BP compile: 0.06 seconds)
[2016.02.16-15.31.05:550][  0]LogContentStreaming: Texture pool size now 1000 MB
[2016.02.16-15.31.05:713][  0]LogRenderer: Reallocating scene render targets to support 964x436 (Frame:2).
[2016.02.16-15.31.06:043][  4]LogAssetRegistry: Asset discovery search completed in 3.3407 seconds
[2016.02.16-15.31.06:043][  4]LogCollectionManager: Rebuilt the object cache for 0 collections in 0.000001 seconds (found 0 objects)
[2016.02.16-15.31.06:043][  4]LogCollectionManager: Fixed up redirectors for 0 collections in 0.000031 seconds (updated 0 objects)
[2016.02.16-15.31.10:718][236]LogLinker:Warning: Asset '../../../Engine/Content/ArtTools/RenderToTexture/Macros/RenderToTextureMacros.uasset' has been saved with empty engine version. The asset will be loaded but may be incompatible.
[2016.02.16-15.31.11:433][236]LogContentBrowser: Native class hierarchy updated for 'BlueprintGraph' in 0.0012 seconds. Added 107 classes and 0 folders.
[2016.02.16-15.53.17:164][835]LogAIModule: Creating AISystem for world ColorLevel
[2016.02.16-15.53.17:250][835]Cmd: MAP LOAD FILE="E:/Occulus_Party/Occulus_Party_Git_2/LOQUET_TIXIER_WATHTHUHEWA_Projet_Annuel/ProjetAnnuel/ProjetAnnuel/Content/Scenes/ColorLevel.umap" TEMPLATE=0 SHOWPROGRESS=1 FEATURELEVEL=3
[2016.02.16-15.53.17:251][835]LightingResults: New page: Lighting Build
[2016.02.16-15.53.17:266][835]LoadErrors: New page: Loading map: ColorLevel.umap
[2016.02.16-15.53.17:266][835]MapCheck: New page: Map Check
[2016.02.16-15.53.17:266][835]LightingResults: New page: Lighting Build
[2016.02.16-15.53.17:300][835]LogParticles: Destroying 0 GPU particle simulations for FXSystem 0x000000BD0D468900
[2016.02.16-15.53.17:396][835]LogEditorServer: Finished looking for orphan Actors (0.000 secs)
[2016.02.16-15.53.17:427][835]Cmd: MAP CHECKDEP NOCLEARLOG
[2016.02.16-15.53.17:480][835]MapCheck: Info Map check complete: 0 Error(s), 0 Warning(s), took 53.046ms to complete.
[2016.02.16-15.53.17:481][835]Lo