[2015.10.20-12.59.05:728][  0]Log file open, 10/20/15 14:59:05
[2015.10.20-12.59.05:728][  0]LogInit:Display: Running engine for game: ProjetAnnuel
[2015.10.20-12.59.05:728][  0]LogInit:Display: RandInit(1201223664) SRandInit(1201223665).
[2015.10.20-12.59.05:728][  0]LogTaskGraph: Started task graph with 4 named threads and 7 total threads.
[2015.10.20-12.59.05:728][  0]LogStats: Stats thread started at 0.992536
[2015.10.20-12.59.05:728][  0]LogInit: Version: 4.9.2-2707645+++depot+UE4-Releases+4.9
[2015.10.20-12.59.05:728][  0]LogInit: API Version: 2672455
[2015.10.20-12.59.05:728][  0]LogInit: Compiled (64-bit): Sep 28 2015 10:25:44
[2015.10.20-12.59.05:728][  0]LogInit: Compiled with Visual C++: 18.00.21005.01
[2015.10.20-12.59.05:728][  0]LogInit: Build Configuration: Development
[2015.10.20-12.59.05:728][  0]LogInit: Branch Name: ++depot+UE4-Releases+4.9
[2015.10.20-12.59.05:728][  0]LogInit: Command line: 
[2015.10.20-12.59.05:728][  0]LogInit: Base directory: C:/Program Files/Epic Games/4.9/Engine/Binaries/Win64/
[2015.10.20-12.59.05:728][  0]LogInit: Rocket: 1
[2015.10.20-12.59.05:738][  0]LogInit: Using libcurl 7.41.0
[2015.10.20-12.59.05:738][  0]LogInit:  - built for x86_64-pc-win32
[2015.10.20-12.59.05:738][  0]LogInit:  - supports SSL with WinSSL
[2015.10.20-12.59.05:738][  0]LogInit:  - other features:
[2015.10.20-12.59.05:738][  0]LogInit:      CURL_VERSION_SSL
[2015.10.20-12.59.05:738][  0]LogInit:      CURL_VERSION_IPV6
[2015.10.20-12.59.05:738][  0]LogInit:      CURL_VERSION_ASYNCHDNS
[2015.10.20-12.59.05:738][  0]LogInit:      CURL_VERSION_LARGEFILE
[2015.10.20-12.59.05:738][  0]LogInit:      CURL_VERSION_IDN
[2015.10.20-12.59.05:738][  0]LogInit:  CurlRequestOptions (configurable via config and command line):
[2015.10.20-12.59.05:738][  0]LogInit:  - bVerifyPeer = true  - Libcurl will verify peer certificate
[2015.10.20-12.59.05:738][  0]LogInit:  - bUseHttpProxy = false  - Libcurl will NOT use HTTP proxy
[2015.10.20-12.59.05:738][  0]LogInit:  - bDontReuseConnections = false  - Libcurl will reuse connections
[2015.10.20-12.59.05:738][  0]LogInit:  - CertBundlePath = nullptr  - Libcurl will use whatever was configured at build time.
[2015.10.20-12.59.05:746][  0]LogInit: Presizing for 0 objects not considered by GC, pre-allocating 0 bytes.
[2015.10.20-12.59.05:754][  0]LogInit: Object subsystem initialized
[2015.10.20-12.59.05:757][  0]LogInit: Selected Device Profile: [Windows]
[2015.10.20-12.59.05:757][  0]LogInit: Applying CVar settings loaded from the selected device profile: [Windows]
[2015.10.20-12.59.05:776][  0]LogInit: Computer: VISUALPI-PC
[2015.10.20-12.59.05:776][  0]LogInit: User: Jonathan
[2015.10.20-12.59.05:776][  0]LogInit: CPU Page size=4096, Cores=4
[2015.10.20-12.59.05:776][  0]LogInit: High frequency timer resolution =2.338345 MHz
[2015.10.20-12.59.05:776][  0]LogMemory: Memory total: Physical=7.9GB (8GB approx)
[2015.10.20-12.59.05:776][  0]LogMemory: Platform Memory Stats for Windows
[2015.10.20-12.59.05:776][  0]LogMemory: Process Physical Memory: 54.24 MB used, 54.24 MB peak
[2015.10.20-12.59.05:776][  0]LogMemory: Process Virtual Memory: 57.45 MB used, 57.45 MB peak
[2015.10.20-12.59.05:776][  0]LogMemory: Physical Memory: 6945.04 MB used, 8111.66 MB total
[2015.10.20-12.59.05:776][  0]LogMemory: Virtual Memory: 369.84 MB used, 134217728.00 MB total
[2015.10.20-12.59.06:019][  0]LogTextLocalizationManager: No translations for ('fr-FR') exist, falling back to 'en' for localization and internationalization data.
[2015.10.20-12.59.07:050][  0]LogD3D11RHI: Found D3D11 adapter 0: NVIDIA GeForce GTX 765M   (Feature Level 11_0)
[2015.10.20-12.59.07:050][  0]LogD3D11RHI: Adapter has 1992MB of dedicated video memory, 0MB of dedicated system memory, and 4055MB of shared system memory, 1 output[s]
[2015.10.20-12.59.07:055][  0]LogD3D11RHI: Found D3D11 adapter 1: Intel(R) HD Graphics 4600 (Feature Level 11_0)
[2015.10.20-12.59.07:055][  0]LogD3D11RHI: Adapter has 112MB of dedicated video memory, 0MB of dedicated system memory, and 4055MB of shared system memory, 0 output[s]
[2015.10.20-12.59.07:056][  0]LogD3D11RHI: Found D3D11 adapter 2: Microsoft Basic Render Driver (Feature Level 11_0)
[2015.10.20-12.59.07:056][  0]LogD3D11RHI: Adapter has 0MB of dedicated video memory, 0MB of dedicated system memory, and 4055MB of shared system memory, 0 output[s]
[2015.10.20-12.59.07:056][  0]LogD3D11RHI: Chosen D3D11 Adapter Id = 0
[2015.10.20-12.59.07:076][  0]LogD3D11RHI: !Direct3DDevice
[2015.10.20-12.59.07:076][  0]LogRHI: Texture pool is 1361 MB (70% of 1945 MB)
[2015.10.20-12.59.07:090][  0]LogD3D11RHI: Async texture creation enabled
[2015.10.20-12.59.07:100][  0]LogShaderCompilers: Guid format shader working directory is 14 characters bigger than the processId version (../../../../../../Users/Jonathan/Documents/ESGI/5A/Projet Annuel/trunk/ProjetAnnuel/ProjetAnnuel/Intermediate/Shaders/WorkingDirectory/78820/).
[2015.10.20-12.59.07:100][  0]LogShaderCompilers: Cleaned the shader compiler working directory '../../../../../../Users/Jonathan/Documents/ESGI/5A/Projet Annuel/trunk/ProjetAnnuel/ProjetAnnuel/Intermediate/Shaders/tmp/048C3BFC4175DF33547FBDA1734FF498/'.
[2015.10.20-12.59.07:100][  0]LogShaderCompilers:Display: Using Local Shader Compiler.
[2015.10.20-12.59.10:790][  0]LogTemp:Display: Loaded TP AllDesktopTargetPlatform
[2015.10.20-12.59.10:796][  0]LogTemp:Display: Loaded TP WindowsClientTargetPlatform
[2015.10.20-12.59.10:802][  0]LogTemp:Display: Loaded TP WindowsNoEditorTargetPlatform
[2015.10.20-12.59.10:809][  0]LogTemp:Display: Loaded TP WindowsServerTargetPlatform
[2015.10.20-12.59.10:816][  0]LogTemp:Display: Loaded TP WindowsTargetPlatform
[2015.10.20-12.59.10:823][  0]LogTemp:Display: Loaded TP AndroidTargetPlatform
[2015.10.20-12.59.10:828][  0]LogTemp:Display: Loaded TP Android_ASTCTargetPlatform
[2015.10.20-12.59.10:831][  0]LogTemp:Display: Loaded TP Android_ATCTargetPlatform
[2015.10.20-12.59.10:835][  0]LogTemp:Display: Loaded TP Android_DXTTargetPlatform
[2015.10.20-12.59.10:839][  0]LogTemp:Display: Loaded TP Android_ETC1TargetPlatform
[2015.10.20-12.59.10:845][  0]LogTemp:Display: Loaded TP Android_ETC2TargetPlatform
[2015.10.20-12.59.10:850][  0]LogTemp:Display: Loaded TP Android_PVRTCTargetPlatform
[2015.10.20-12.59.10:850][  0]LogTemp:Display: Loaded TP HTML5TargetPlatform
[2015.10.20-12.59.10:871][  0]LogTemp:Display: Loaded TP IOSTargetPlatform
[2015.10.20-12.59.10:874][  0]LogTemp:Display: Loaded TP LinuxNoEditorTargetPlatform
[2015.10.20-12.59.10:879][  0]LogTemp:Display: Loaded TP LinuxServerTargetPlatform
[2015.10.20-12.59.10:886][  0]LogTemp:Display: Loaded TP LinuxTargetPlatform
[2015.10.20-12.59.10:886][  0]LogTargetPlatformManager:Display: Building Assets For Windows
[2015.10.20-12.59.10:987][  0]LogDerivedDataCache:Display: Max Cache Size: 512 MB
[2015.10.20-12.59.12:002][  0]LogDerivedDataCache: Loaded boot cache 1.01s 41MB C:/Users/Jonathan/AppData/Local/UnrealEngine/4.9/DerivedDataCache/Boot.ddc.
[2015.10.20-12.59.12:002][  0]LogDerivedDataCache:Display: Loaded Boot cache: C:/Users/Jonathan/AppData/Local/UnrealEngine/4.9/DerivedDataCache/Boot.ddc
[2015.10.20-12.59.12:002][  0]LogDerivedDataCache: FDerivedDataBackendGraph:  Pak pak cache file ../../../../../../Users/Jonathan/Documents/ESGI/5A/Projet Annuel/trunk/ProjetAnnuel/ProjetAnnuel/DerivedDataCache/DDC.ddp not found, will not use a pak cache.
[2015.10.20-12.59.12:002][  0]LogDerivedDataCache: Unable to find inner node Pak for hierarchical cache Hierarchy.
[2015.10.20-12.59.12:002][  0]LogDerivedDataCache: FDerivedDataBackendGraph:  CompressedPak pak cache file ../../../../../../Users/Jonathan/Documents/ESGI/5A/Projet Annuel/trunk/ProjetAnnuel/ProjetAnnuel/DerivedDataCache/Compressed.ddp not found, will not use a pak cache.
[2015.10.20-12.59.12:002][  0]LogDerivedDataCache: Unable to find inner node CompressedPak for hierarchical cache Hierarchy.
[2015.10.20-12.59.12:606][  0]LogDerivedDataCache:Display: Pak cache opened for reading ../../../Engine/DerivedDataCache/Compressed.ddp.
[2015.10.20-12.59.12:618][  0]LogDerivedDataCache: Using Local data cache path C:/Users/Jonathan/AppData/Local/UnrealEngine/Common/DerivedDataCache: Writable
[2015.10.20-12.59.28:830][  0]LogInit: Selected Device Profile: [Windows]
[2015.10.20-12.59.28:832][  0]LogContentStreaming: Texture pool size is 0.000000MB
[2015.10.20-12.59.29:011][  0]LogMeshUtilities: No automatic mesh reduction module available
[2015.10.20-12.59.29:011][  0]LogMeshUtilities: No automatic mesh merging module available
[2015.10.20-12.59.29:584][  0]LogInit: WinSock: version 1.1 (2.2), MaxSocks=32767, MaxUdp=65467
[2015.10.20-13.00.05:053][  0]UdpMessaging: Initializing bridge on interface 0.0.0.0:0 to multicast group 230.0.0.1:6666.
[2015.10.20-13.00.05:865][  0]LogAssetRegistry: FAssetRegistry took 0.0112 seconds to start up
[2015.10.20-13.00.06:631][  0]SourceControl: Info Source control is disabled
[2015.10.20-13.00.06:632][  0]SourceControl: Info Source control is disabled
[2015.10.20-13.00.06:689][  0]SourceControl: Info Source control is disabled
[2015.10.20-13.00.06:817][  0]SourceControl: Info Source control is disabled
[2015.10.20-13.00.08:085][  0]LogLinker:Warning: Asset '../../../Engine/Plugins/Runtime/LeapMotionController/Content/LM_PassthroughMaterial.uasset' has been saved with empty engine version. The asset will be loaded but may be incompatible.
[2015.10.20-13.00.08:516][  0]LogObj: 28365 objects as part of root set at end of initial load.
[2015.10.20-13.00.08:516][  0]LogUObjectAllocator: 6040832 out of 0 bytes used by permanent object pool.
[2015.10.20-13.00.08:749][  0]LogEngine: Initializing Engine...
[2015.10.20-13.00.08:752][  0]LogHMD: Can't find Oculus library dev build: is proper Runtime installed? Version: 0.7.0.0
[2015.10.20-13.00.08:850][  0]LogHMD: SteamVR failed to initialize.  Err: 110
[2015.10.20-13.00.09:052][  0]LogAIModule: Creating AISystem for world NewWorld
[2015.10.20-13.00.09:084][  0]LogInit: XAudio2 using 'Speakers (Realtek High Definition Audio)' : 2 channels at 48 kHz using 32 bits per sample (channel mask 0x3)
[2015.10.20-13.00.09:119][  0]LogInit: FAudioDevice initialized.
[2015.10.20-13.00.09:155][  0]LogDerivedDataCache: Saved boot cache 0.04s 41MB C:/Users/Jonathan/AppData/Local/UnrealEngine/4.9/DerivedDataCache/Boot.ddc.
[2015.10.20-13.00.09:161][  0]LogInit: Texture streaming: Enabled
[2015.10.20-13.00.09:348][  0]LogAnalytics: Creating configured Analytics provider AnalyticsET
[2015.10.20-13.00.09:348][  0]LogAnalytics: [UEEditor.Rocket.Release] APIServer = http://et2.epicgames.com/ET2/. AppVersion = 4.9.2-2707645+++depot+UE4-Releases+4.9
[2015.10.20-13.00.09:348][  0]LogAnalytics: [UEEditor.Rocket.Release] SetUserId 5ac230c94289d976f50568b9776bb9b0|a04278eae46740dba9d1f390d0be0b5b|46f5cdf7-5acb-4610-af9b-b84cb785f608
[2015.10.20-13.00.09:348][  0]LogAnalytics: [UEEditor.Rocket.Release] AnalyticsET::StartSession
[2015.10.20-13.00.10:483][  0]LogInit: Transaction tracking system initialized
[2015.10.20-13.00.11:202][  0]BlueprintLog: New page: Editor Load
[2015.10.20-13.00.16:163][  0]LocalizationService: Info Localization service is disabled
[2015.10.20-13.00.17:365][  0]LogConsoleResponse:Display: 
[2015.10.20-13.00.18:015][  0]LogFileCache: Scanning file cache for directory 'C:/Users/Jonathan/Documents/ESGI/5A/Projet Annuel/trunk/ProjetAnnuel/ProjetAnnuel/Content/' took 0.01s
[2015.10.20-13.00.18:015][  0]LogCook:Display: Done creating registry. It took  0.00s.
[2015.10.20-13.00.18:952][  0]SourceControl: Info Source control is disabled
[2015.10.20-13.00.18:952][  0]Cmd: MAP LOAD FILE="../../../Engine/Content/Maps/Templates/Template_Default.umap" TEMPLATE=1 SHOWPROGRESS=1 FEATURELEVEL=3
[2015.10.20-13.00.19:484][  0]LightingResults: New page: Lighting Build
[2015.10.20-13.00.19:488][  0]MapCheck: New page: Map Check
[2015.10.20-13.00.19:488][  0]LightingResults: New page: Lighting Build
[2015.10.20-13.00.19:500][  0]LogParticles: Destroying 0 GPU particle simulations for FXSystem 0x0000005F44D72160
[2015.10.20-13.00.20:140][  0]LogAIModule: Creating AISystem for world Untitled_1
[2015.10.20-13.00.20:147][  0]LogEditorServer: Finished looking for orphan Actors (0.000 secs)
[2015.10.20-13.00.20:152][  0]Cmd: MAP CHECKDEP NOCLEARLOG
[2015.10.20-13.00.20:205][  0]MapCheck: Info Map check complete: 0 Error(s), 0 Warning(s), took 53.246ms to complete.
[2015.10.20-13.00.20:205][  0]LogFileHelpers: Loading map 'Template_Default' took 1.254
[2015.10.20-13.00.20:876][  0]LogCollectionManager: Loaded 0 collections in 0.002297 seconds
[2015.10.20-13.00.20:945][  0]LogFileCache: Scanning file cache for directory 'C:/Users/Jonathan/Documents/ESGI/5A/Projet Annuel/trunk/ProjetAnnuel/ProjetAnnuel/Saved/Collections/' took 0.01s
[2015.10.20-13.00.20:945][  0]LogFileCache: Scanning file cache for directory 'C:/Users/Jonathan/Documents/ESGI/5A/Projet Annuel/trunk/ProjetAnnuel/ProjetAnnuel/Content/Developers/Jonathan/Collections/' took 0.01s
[2015.10.20-13.00.20:945][  0]LogFileCache: Scanning file cache for directory 'C:/Users/Jonathan/Documents/ESGI/5A/Projet Annuel/trunk/ProjetAnnuel/ProjetAnnuel/Content/Collections/' took 0.01s
[2015.10.20-13.00.20:945][  0]LogContentBrowser: Native class hierarchy populated in 0.0121 seconds. Added 1868 classes and 335 folders.
[2015.10.20-13.00.20:951][  0]LogCollectionManager: Rebuilt the GUID cache for 0 collections in 0.000002 seconds
[2015.10.20-13.00.20:960][  0]LogContentBrowser: Native class hierarchy updated for 'WidgetCarousel' in 0.0013 seconds. Added 0 classes and 0 folders.
[2015.10.20-13.00.25:110][  0]LogContentBrowser: Native class hierarchy updated for 'AddContentDialog' in 0.0018 seconds. Added 0 classes and 0 folders.
[2015.10.20-13.00.25:180][  0]LogContentBrowser: Native class hierarchy updated for 'SceneOutliner' in 0.0012 seconds. Added 1 classes and 2 folders.
[2015.10.20-13.00.25:353][  0]LogCrashTracker: Crashtracker disabled due to settings.
[2015.10.20-13.00.25:360][  0]LogUObjectGlobals:Warning: Failed to find object 'Class None.'
[2015.10.20-13.00.25:382][  0]LogLoad: Full Startup: 81.92 seconds (BP compile: 0.32 seconds)
[2015.10.20-13.00.26:228][  0]LogContentStreaming: Texture pool size now 1000 MB
[2015.10.20-13.00.26:375][  0]LogRenderer: Reallocating scene render targets to support 1208x576 (Frame:2).
[2015.10.20-13.00.38:931][726]LogAssetRegistry: Asset discovery search completed in 33.0779 seconds
[2015.10.20-13.00.38:931][726]LogCollectionManager: Rebuilt the object cache for 0 collections in 0.000000 seconds (found 0 objects)
[2015.10.20-13.00.38:931][726]LogCollectionManager: Fixed up redirectors for 0 collections in 0.000017 seconds (updated 0 objects)
[2015.10.20-13.46.21:871][709]Running C:/Program Files/Epic Games/4.9/Engine/Binaries/DotNET/UnrealBuildTool.exe ProjetAnnuel Win64 Development -editorrecompile "C:/Users/Jonathan/Documents/ESGI/5A/Projet Annuel/trunk/ProjetAnnuel/ProjetAnnuel/ProjetAnnuel.uproject" -invalidatemakefilesonly -rocket
[2015.10.20-13.46.24:409][709]Invalidating makefiles only in this run.
[2015.10.20-13.46.24:588][709]Recompiling ProjetAnnuel...
[2015.10.20-13.46.24:588][709]Launching UnrealBuildTool... [C:/Program Files/Epic Games/4.9/Engine/Binaries/DotNET/UnrealBuildTool.exe ProjetAnnuel -ModuleWithSuffix ProjetAnnuel 1030 Win64 Development -editorrecompile -canskiplink "C:/Users/Jonathan/Documents/ESGI/5A/Projet Annuel/trunk/ProjetAnnuel/ProjetAnnuel/ProjetAnnuel.uproject" -rocket  -rocket]
[2015.10.20-13.50.11:781][709]CompilerResultsLog: New page: Compilation - Oct 20, 2015, 5:50:11 PM
[2015.10.20-13.50.11:782][709]CompilerResultsLog: Info Performing full C++ include scan (hot reloading a new target)
[2015.10.20-13.50.11:782][709]CompilerResultsLog: Info Creating makefile for hot reloading ProjetAnnuel (no existing makefile)
[2015.10.20-13.50.11:782][709]CompilerResultsLog: Info Compiling game modules for hot reload
[2015.10.20-13.50.11:782][709]CompilerResultsLog: Info Parsing headers for ProjetAnnuelEditor
[2015.10.20-13.50.11:782][709]CompilerResultsLog: Info   Running UnrealHeaderTool "C:/Users/Jonathan/Documents/ESGI/5A/Projet Annuel/trunk/ProjetAnnuel/ProjetAnnuel/ProjetAnnuel.uproject" "C:\Users\Jonathan\Documents\ESGI\5A\Projet Annuel\trunk\ProjetAnnuel\ProjetAnnuel\Intermediate\Build\Win64\ProjetAnnuelEditor\Development\UnrealHeaderTool.manifest" -LogCmds="loginit warning, logexit warning, logdatabase error" -rocket -installed
[2015.10.20-13.50.11:782][709]CompilerResultsLog: Info Reflection code generated for ProjetAnnuelEditor in 19,7252967 seconds
[2015.10.20-13.50.11:782][709]CompilerResultsLog: Info Performing 3 actions (4 in parallel)
[2015.10.20-13.50.11:782][709]CompilerResultsLog: Info ProjetAnnuel.generated.cpp
[2015.10.20-13.50.11:782][709]CompilerResultsLog: Info Case.cpp
[2015.10.20-13.50.11:782][709]CompilerResultsLog: Info [3/3] Link UE4Editor-ProjetAnnuel-1030.dll
[2015.10.20-13.50.11:782][709]CompilerResultsLog: Info    Cr?ation de la biblioth?que C:\Users\Jonathan\Documents\ESGI\5A\Projet Annuel\trunk\ProjetAnnuel\ProjetAnnuel\Intermediate/Build/Win64\UE4Editor\Development\UE4Editor-ProjetAnnuel-1030.lib et de l'objet C:\Users\Jonathan\Documents\ESGI\5A\Projet Annuel\trunk\ProjetAnnuel\ProjetAnnuel\Intermediate/Build/Win64\UE4Editor\Development\UE4Editor-ProjetAnnuel-1030.exp
[2015.10.20-13.50.11:782][709]CompilerResultsLog: Info -------- End Detailed Actions Stats -----------------------------------------------------------
[2015.10.20-13.50.11:782][709]CompilerResultsLog: Info Total build time: 226,97 seconds
[2015.10.20-13.50.11:782][709]LogMainFrame: MainFrame: Module compiling took 227.199 seconds
[2015.10.20-13.50.11:910][709]LogClass: Could not find existing class Case in package /Script/ProjetAnnuel for HotReload, assuming new class
[2015.10.20-13.50.11:913][709]LogContentBrowser: Native class hierarchy updated for 'ProjetAnnuel' in 0.0011 seconds. Added 2 classes and 2 folders.
[2015.10.20-13.50.11:914][709]Warning: HotReload successful (0 functions remapped  0 scriptstructs remapped)
[2015.10.20-13.50.12:030][709]LogContentBrowser: Native class hierarchy populated in 0.0087 seconds. Added 1870 classes and 337 folders.
[2015.10.20-13.50.12:051][709]Warning: HotReload operation took 227.5s.
[2015.10.20-13.50.14:694][709]LogVSAccessor:Warning: Couldn't goto line number '0' in 'C:/Users/Jonathan/Documents/ESGI/5A/Projet Annuel/trunk/ProjetAnnuel/ProjetAnnuel/Source/ProjetAnnuel/Case.h'
[2015.10.20-13.50.14:798][709]LogVSAccessor:Warning: Couldn't goto line number '0' in 'C:/Users/Jonathan/Documents/ESGI/5A/Projet Annuel/trunk/ProjetAnnuel/ProjetAnnuel/Source/ProjetAnnuel/Case.cpp'
[2015.10.20-13.50.14:893][709]LogHotReload: New module detected: UE4Editor-ProjetAnnuel-1030.dll
[2015.10.20-13.50.15:046][710]LogHotReload: Starting Hot-Reload from IDE
[2015.10.20-13.50.15:161][710]LogContentBrowser: Native class hierarchy updated for 'ProjetAnnuel' in 0.0009 seconds. Added 2 classes and 2 folders.
[2015.10.20-13.50.15:162][710]Warning: HotReload successful (0 functions remapped  0 scriptstructs remapped)
[2015.10.20-13.50.15:175][710]LogContentBrowser: Native class hierarchy populated in 0.0077 seconds. Added 1870 classes and 337 folders.
[2015.10.20-13.50.15:206][711]LogHttp:Warning: Timeout processing Http request. 0000005F3EDD9C00
[2015.10.20-13.54.54:465][922]LogHotReload: New module detected: UE4Editor-ProjetAnnuel-9540.dll
[2015.10.20-13.54.56:216][929]LogHotReload: Starting Hot-Reload from IDE
[2015.10.20-13.54.57:784][929]LogContentBrowser: Native class hierarchy updated for 'ProjetAnnuel' in 0.0018 seconds. Added 2 classes and 2 folders.
[2015.10.20-13.54.57:787][929]Warning: HotReload successful (0 functions remapped  0 scriptstructs remapped)
[2015.10.20-13.54.58:197][929]LogContentBrowser: Native class hierarchy populated in 0.0086 seconds. Added 1870 classes and 337 folders.
[2015.10.20-13.55.05:293][124]LogWindowsTextInputMethodSystem:Display: IME system now deactivated.
[2015.10.20-13.55.06:835][125]Cmd: QUIT_EDITOR
[2015.10.20-13.55.07:771][125]LogExit: Preparing to exit.
[2015.10.20-13.55.10:616][125]LogExit: Editor shut down
[2015.10.20-13.55.10:648][125]LogExit: Transaction tracking system shut down
[2015.10.20-13.55.11:490][125]LogParticles: Destroying 0 GPU particle simulations for FXSystem 0x0000005F36FA3560
[2015.10.20-13.55.11:490][125]LogParticles: Destroying 0 GPU particle simulations for FXSystem 0x0000005F41187D80
[2015.10.20-13.55.17:465][125]LogExit: Object subsystem successfully closed.
[2015.10.20-13.55.19:939][125]LogD3D11RHI: Shutdown
[2015.10.20-13.55.19:939][125]LogD3D11RHI: CleanupD3DDevice
[2015.10.20-13.55.20:597][125]LogD3D11RHI: ~FD3D11DynamicRHI
[2015.10.20-13.55.23:311][125]LogModuleManager: Shutting down and abandoning module CrashTracker (198)
[2015.10.20-13.55.23:311][125]LogModuleManager: Shutting down and abandoning module SceneOutliner (197)
[2015.10.20-13.55.23:311][125]LogModuleManager: Shutting down and abandoning module SuperSearch (196)
[2015.10.20-13.55.23:311][125]LogModuleManager: Shutting down and abandoning module WidgetCarousel (195)
[2015.10.20-13.55.23:311][125]LogModuleManager: Shutting down and abandoning module AddContentDialog (194)
[2015.10.20-13.55.23:437][125]LogModuleManager: Shutting down and abandoning module EditorWidgets (193)
[2015.10.20-13.55.23:437][125]LogModuleManager: Shutting down and abandoning module CollectionManager (192)
[2015.10.20-13.55.23:463][125]LogModuleManager: Shutting down and abandoning module StatsViewer (191)
[2015.10.20-13.55.23:552][125]LogModuleManager: Shutting down and abandoning module FoliageEdit (190)
[2015.10.20-13.55.23:574][125]LogModuleManager: Shutting down and abandoning module LandscapeEditor (189)
[2015.10.20-13.55.23:775][125]LogModuleManager: Shutting down and abandoning module ActorPickerMode (188)
[2015.10.20-13.55.23:775][125]LogModuleManager: Shutting down and abandoning module GeometryMode (187)
[2015.10.20-13.55.23:775][125]LogModuleManager: Shutting down and abandoning module TextureAlignMode (186)
[2015.10.20-13.55.23:775][125]LogModuleManager: Shutting down and abandoning module BspMode (185)
[2015.10.20-13.55.23:775][125]LogModuleManager: Shutting down and abandoning module PlacementMode (184)
[2015.10.20-13.55.23:775][125]LogModuleManager: Shutting down and abandoning module AutomationWorker (183)
[2015.10.20-13.55.23:792][125]LogModuleManager: Shutting down and abandoning module CharacterAI (182)
[2015.10.20-13.55.23:792][125]LogModuleManager: Shutting down and abandoning module SmartSnapping (181)
[2015.10.20-13.55.23:792][125]LogModuleManager: Shutting down and abandoning module ViewportSnapping (180)
[2015.10.20-13.55.23:792][125]LogModuleManager: Shutting down and abandoning module LogVisualizer (179)
[2015.10.20-13.55.23:970][125]LogModuleManager: Shutting down and abandoning module GameProjectGeneration (178)
[2015.10.20-13.55.23:970][125]LogModuleManager: Shutting down and abandoning module IntroTutorials (177)
[2015.10.20-13.55.24:130][125]LogModuleManager: Shutting down and abandoning module EditorLiveStreaming (176)
[2015.10.20-13.55.24:130][125]LogModuleManager: Shutting down and abandoning module IOSPlatformEditor (175)
[2015.10.20-13.55.24:158][125]LogModuleManager: Shutting down and abandoning module HTML5PlatformEditor (174)
[2015.10.20-13.55.24:158][125]LogModuleManager: Shutting down and abandoning module AndroidDeviceDetection (173)
[2015.10.20-13.55.24:761][125]LogModuleManager: Shutting down and abandoning module AndroidPlatformEditor (172)
[2015.10.20-13.55.24:761][125]LogModuleManager: Shutting down and abandoning module IOSRuntimeSettings (171)
[2015.10.20-13.55.24:761][125]LogModuleManager: Shutting down and abandoning module AndroidRuntimeSettings (170)
[2015.10.20-13.55.24:761][125]LogModuleManager: Shutting down and abandoning module MergeActors (169)
[2015.10.20-13.55.24:761][125]LogModuleManager: Shutting down and abandoning module SizeMap (168)
[2015.10.20-13.55.24:761][125]LogModuleManager: Shutting down and abandoning module TreeMap (167)
[2015.10.20-13.55.24:761][125]LogModuleManager: Shutting down and abandoning module ReferenceViewer (166)
[2015.10.20-13.55.24:761][125]LogModuleManager: Shutting down and abandoning module LocalizationService (165)
[2015.10.20-13.55.24:761][125]LogModuleManager: Shutting down and abandoning module LocalizationDashboard (164)
[2015.10.20-13.55.24:761][125]LogModuleManager: Shutting down and abandoning module HardwareTargeting (163)
[2015.10.20-13.55.24:761][125]LogModuleManager: Shutting down and abandoning module DeviceProfileEditor (162)
[2015.10.20-13.55.24:761][125]LogModuleManager: Shutting down and abandoning module UndoHistory (161)
[2015.10.20-13.55.24:761][125]LogModuleManager: Shutting down and abandoning module GameplayTagsEditor (160)
[2015.10.20-13.55.24:761][125]LogModuleManager: Shutting down and abandoning module UserFeedback (159)
[2015.10.20-13.55.24:761][125]LogModuleManager: Shutting down and abandoning module XmlParser (158)
[2015.10.20-13.55.24:761][125]LogModuleManager: Shutting down and abandoning module Blutility (157)
[2015.10.20-13.55.24:761][125]LogModuleManager: Shutting down and abandoning module ProjectTargetPlatformEditor (156)
[2015.10.20-13.55.24:761][125]LogModuleManager: Shutting down and abandoning module ProjectSettingsViewer (155)
[2015.10.20-13.55.24:761][125]LogModuleManager: Shutting down and abandoning module InputBindingEditor (154)
[2015.10.20-13.55.24:761][125]LogModuleManager: Shutting down and abandoning module EditorSettingsViewer (153)
[2015.10.20-13.55.24:761][125]LogModuleManager: Shutting down and abandoning module SettingsEditor (152)
[2015.10.20-13.55.24:825][125]LogModuleManager: Shutting down and abandoning module ProjectLauncher (151)
[2015.10.20-13.55.24:886][125]LogModuleManager: Shutting down and abandoning module SessionFrontend (150)
[2015.10.20-13.55.24:943][125]LogModuleManager: Shutting down and abandoning module ProfilerClient (149)
[2015.10.20-13.55.24:977][125]LogModuleManager: Shutting down and abandoning module TargetDeviceServices (148)
[2015.10.20-13.55.24:977][125]LogModuleManager: Shutting down and abandoning module DeviceManager (147)
[2015.10.20-13.55.24:995][125]LogModuleManager: Shutting down and abandoning module AutomationController (146)
[2015.10.20-13.55.25:066][125]LogModuleManager: Shutting down and abandoning module AutomationWindow (145)
[2015.10.20-13.55.25:132][125]LogModuleManager: Shutting down and abandoning module Layers (144)
[2015.10.20-13.55.25:240][125]LogModuleManager: Shutting down and abandoning module ComponentVisualizers (143)
[2015.10.20-13.55.25:240][125]LogModuleManager: Shutting down and abandoning module DetailCustomizations (142)
[2015.10.20-13.55.25:438][125]LogModuleManager: Shutting down and abandoning module PackagesDialog (141)
[2015.10.20-13.55.25:484][125]LogModuleManager: Shutting down and abandoning module Persona (140)
[2015.10.20-13.55.25:597][125]LogModuleManager: Shutting down and abandoning module Kismet (139)
[2015.10.20-13.55.25:681][125]LogModuleManager: Shutting down and abandoning module GraphEditor (138)
[2015.10.20-13.55.25:715][125]LogModuleManager: Shutting down and abandoning module ClassViewer (137)
[2015.10.20-13.55.25:716][125]LogModuleManager: Shutting down and abandoning module Toolbox (136)
[2015.10.20-13.55.25:717][125]LogModuleManager: Shutting down and abandoning module ModuleUI (135)
[2015.10.20-13.55.25:740][125]LogModuleManager: Shutting down and abandoning module MovieSceneTools (134)
[2015.10.20-13.55.25:740][125]LogModuleManager: Shutting down and abandoning module OutputLog (133)
[2015.10.20-13.55.25:781][125]LogModuleManager: Shutting down and abandoning module GammaUI (132)
[2015.10.20-13.55.25:804][125]LogModuleManager: Shutting down and abandoning module Documentation (131)
[2015.10.20-13.55.25:804][125]LogModuleManager: Shutting down and abandoning module GameLiveStreaming (130)
[2015.10.20-13.55.25:858][125]LogModuleManager: Shutting down and abandoning module StreamingPauseRendering (129)
[2015.10.20-13.55.25:879][125]LogModuleManager: Shutting down and abandoning module AnalyticsET (128)
[2015.10.20-13.55.25:879][125]LogModuleManager: Shutting down and abandoning module Analytics (127)
[2015.10.20-13.55.25:879][125]LogModuleManager: Shutting down and abandoning module AITestSuite (126)
[2015.10.20-13.55.25:906][125]LogModuleManager: Shutting down and abandoning module GameplayDebugger (125)
[2015.10.20-13.55.25:906][125]LogModuleManager: Shutting down and abandoning module AIModule (124)
[2015.10.20-13.55.25:906][125]LogModuleManager: Shutting down and abandoning module ProfilerService (123)
[2015.10.20-13.55.26:058][125]LogModuleManager: Shutting down and abandoning module TaskGraph (122)
[2015.10.20-13.55.26:154][125]LogModuleManager: Shutting down and abandoning module SlateRemote (121)
[2015.10.20-13.55.26:154][125]LogModuleManager: Shutting down and abandoning module SteamVRController (120)
[2015.10.20-13.55.26:155][125]LogModuleManager: Shutting down and abandoning module SteamVR (119)
[2015.10.20-13.55.26:155][125]LogModuleManager: Shutting down and abandoning module ProceduralMeshComponent (118)
[2015.10.20-13.55.26:155][125]LogModuleManager: Shutting down and abandoning module OculusRift (117)
[2015.10.20-13.55.26:155][125]LogModuleManager: Shutting down and abandoning module OculusLibrary (116)
[2015.10.20-13.55.26:155][125]LogModuleManager: Shutting down and abandoning module LeapMotionController (115)
[2015.10.20-13.55.26:286][125]LogModuleManager: Shutting down and abandoning module CustomMeshComponent (114)
[2015.10.20-13.55.26:373][125]LogModuleManager: Shutting down and abandoning module CableComponent (113)
[2015.10.20-13.55.26:373][125]LogModuleManager: Shutting down and abandoning module ArchVisCharacter (112)
[2015.10.20-13.55.26:373][125]LogModuleManager: Shutting down and abandoning module MessagingDebugger (111)
[2015.10.20-13.55.26:439][125]LogModuleManager: Shutting down and abandoning module MediaPlayerEditor (110)
[2015.10.20-13.55.26:534][125]LogModuleManager: Shutting down and abandoning module HTML5Networking (109)
[2015.10.20-13.55.26:534][125]LogModuleManager: Shutting down and abandoning module SpeedTreeImporter (108)
[2015.10.20-13.55.26:534][125]LogModuleManager: Shutting down and abandoning module PluginBrowser (107)
[2015.10.20-13.55.26:583][125]LogModuleManager: Shutting down and abandoning module EpicSurvey (106)
[2015.10.20-13.55.26:583][125]LogModuleManager: Shutting down and abandoning module DesktopPlatform (105)
[2015.10.20-13.55.26:583][125]LogModuleManager: Shutting down and abandoning module VisualStudioSourceCodeAccess (104)
[2015.10.20-13.55.26:583][125]LogModuleManager: Shutting down and abandoning module UObjectPlugin (103)
[2015.10.20-13.55.26:583][125]LogModuleManager: Shutting down and abandoning module SubversionSourceControl (102)
[2015.10.20-13.55.26:696][125]LogModuleManager: Shutting down and abandoning module PerforceSourceControl (101)
[2015.10.20-13.55.26:726][125]LogModuleManager: Shutting down and abandoning module SourceControl (100)
[2015.10.20-13.55.26:781][125]LogModuleManager: Shutting down and abandoning module GitSourceControl (99)
[2015.10.20-13.55.26:831][125]LogModuleManager: Shutting down and abandoning module LightPropagationVolumeEditor (98)
[2015.10.20-13.55.26:831][125]LogModuleManager: Shutting down and abandoning module PaperTiledImporter (97)
[2015.10.20-13.55.26:877][125]LogModuleManager: Shutting down and abandoning module PaperSpriteSheetImporter (96)
[2015.10.20-13.55.26:902][125]LogModuleManager: Shutting down and abandoning module MeshPaint (95)
[2015.10.20-13.55.26:936][125]LogModuleManager: Shutting down and abandoning module SlateReflector (94)
[2015.10.20-13.55.26:972][125]LogModuleManager: Shutting down and abandoning module HotReload (93)
[2015.10.20-13.55.26:972][125]LogModuleManager: Shutting down and abandoning module MainFrame (92)
[2015.10.20-13.55.26:972][125]LogModuleManager: Shutting down and abandoning module LevelEditor (91)
[2015.10.20-13.55.27:013][125]LogModuleManager: Shutting down and abandoning module DirectoryWatcher (90)
[2015.10.20-13.55.27:015][125]LogModuleManager: Shutting down and abandoning module AssetRegistry (89)
[2015.10.20-13.55.27:164][125]LogModuleManager: Shutting down and abandoning module ContentBrowser (88)
[2015.10.20-13.55.27:165][125]LogModuleManager: Shutting down and abandoning module Paper2DEditor (87)
[2015.10.20-13.55.27:319][125]LogModuleManager: Shutting down and abandoning module ProjetAnnuel (86)
[2015.10.20-13.55.27:319][125]LogModuleManager: Shutting down and abandoning module UdpMessaging (85)
[2015.10.20-13.55.27:420][125]LogModuleManager: Shutting down and abandoning module LightPropagationVolumeRuntime (84)
[2015.10.20-13.55.27:420][125]LogModuleManager: Shutting down and abandoning module Paper2D (83)
[2015.10.20-13.55.27:533][125]LogModuleManager: Shutting down and abandoning module WindowsMoviePlayer (82)
[2015.10.20-13.55.27:549][125]LogModuleManager: Shutting down and abandoning module Media (81)
[2015.10.20-13.55.27:549][125]LogModuleManager: Shutting down and abandoning module WmfMedia (80)
[2015.10.20-13.55.27:572][125]LogModuleManager: Shutting down and abandoning module OnlineBlueprintSupport (79)
[2015.10.20-13.55.27:572][125]LogModuleManager: Shutting down and abandoning module GameplayTasksEditor (78)
[2015.10.20-13.55.27:572][125]LogModuleManager: Shutting down and abandoning module PropertyEditor (77)
[2015.10.20-13.55.27:572][125]LogModuleManager: Shutting down and abandoning module BehaviorTreeEditor (76)
[2015.10.20-13.55.27:664][125]LogModuleManager: Shutting down and abandoning module FunctionalTesting (75)
[2015.10.20-13.55.27:664][125]LogModuleManager: Shutting down and abandoning module CollisionAnalyzer (74)
[2015.10.20-13.55.27:729][125]LogModuleManager: Shutting down and abandoning module WorkspaceMenuStructure (73)
[2015.10.20-13.55.27:729][125]LogModuleManager: Shutting down and abandoning module MessageLog (72)
[2015.10.20-13.55.27:729][125]LogModuleManager: Shutting down and abandoning module Sequencer (71)
[2015.10.20-13.55.27:800][125]LogModuleManager: Shutting down and abandoning module AssetTools (70)
[2015.10.20-13.55.27:976][125]LogModuleManager: Shutting down and abandoning module UMGEditor (69)
[2015.10.20-13.55.28:132][125]LogModuleManager: Shutting down and abandoning module UMG (68)
[2015.10.20-13.55.28:154][125]LogModuleManager: Shutting down and abandoning module Slate (67)
[2015.10.20-13.55.28:154][125]LogModuleManager: Shutting down and abandoning module EditorStyle (66)
[2015.10.20-13.55.28:157][125]LogModuleManager: Shutting down and abandoning module SessionServices (65)
[2015.10.20-13.55.28:157][125]LogModuleManager: Shutting down and abandoning module SourceCodeAccess (64)
[2015.10.20-13.55.28:157][125]LogModuleManager: Shutting down and abandoning module HeadMountedDisplay (63)
[2015.10.20-13.55.28:157][125]LogModuleManager: Shutting down and abandoning module XAudio2 (62)
[2015.10.20-13.55.28:157][125]LogModuleManager: Shutting down and abandoning module Networking (60)
[2015.10.20-13.55.28:157][125]LogModuleManager: Shutting down and abandoning module Core (59)
[2015.10.20-13.55.28:157][125]LogModuleManager: Shutting down and abandoning module KismetCompiler (58)
[2015.10.20-13.55.28:157][125]LogModuleManager: Shutting down and abandoning module PhysXFormats (57)
[2015.10.20-13.55.28:176][125]LogModuleManager: Shutting down and abandoning module MeshUtilities (56)
[2015.10.20-13.55.28:221][125]LogModuleManager: Shutting down and abandoning module CookingStats (55)
[2015.10.20-13.55.28:222][125]LogModuleManager: Shutting down and abandoning module DerivedDataCache (54)
[2015.10.20-13.55.28:247][125]LogDerivedDataCache: Shutdown
[2015.10.20-13.55.28:247][125]LogModuleManager: Shutting down and abandoning module ShaderFormatOpenGL (53)
[2015.10.20-13.55.28:396][125]LogModuleManager: Shutting down and abandoning module ShaderFormatD3D (52)
[2015.10.20-13.55.28:412][125]LogModuleManager: Shutting down and abandoning module MetalShaderFormat (51)
[2015.10.20-13.55.28:448][125]LogModuleManager: Shutting down and abandoning module TextureFormatUncompressed (50)
[2015.10.20-13.55.28:448][125]LogModuleManager: Shutting down and abandoning module TextureFormatPVR (49)
[2015.10.20-13.55.28:468][125]LogModuleManager: Shutting down and abandoning module TextureFormatIntelISPCTexComp (48)
[2015.10.20-13.55.28:482][125]LogModuleManager: Shutting down and abandoning module TextureFormatDXT (47)
[2015.10.20-13.55.28:486][125]LogModuleManager: Shutting down and abandoning module ImageWrapper (46)
[2015.10.20-13.55.28:486][125]LogModuleManager: Shutting down and abandoning module TextureFormatASTC (45)
[2015.10.20-13.55.28:486][125]LogModuleManager: Shutting down and abandoning module TextureFormatAndroid (44)
[2015.10.20-13.55.28:486][125]LogModuleManager: Shutting down and abandoning module AudioFormatOpus (43)
[2015.10.20-13.55.28:504][125]LogModuleManager: Shutting down and abandoning module AudioFormatOgg (42)
[2015.10.20-13.55.28:556][125]LogModuleManager: Shutting down and abandoning module AudioFormatADPCM (41)
[2015.10.20-13.55.28:631][125]LogModuleManager: Shutting down and abandoning module LinuxTargetPlatform (40)
[2015.10.20-13.55.28:632][125]LogModuleManager: Shutting down and abandoning module LinuxServerTargetPlatform (39)
[2015.10.20-13.55.28:653][125]LogModuleManager: Shutting down and abandoning module LinuxNoEditorTargetPlatform (38)
[2015.10.20-13.55.28:675][125]LogModuleManager: Shutting down and abandoning module Messaging (37)
[2015.10.20-13.55.28:675][125]LogModuleManager: Shutting down and abandoning module IOSTargetPlatform (36)
[2015.10.20-13.55.28:675][125]LogModuleManager: Shutting down and abandoning module HTML5TargetPlatform (35)
[2015.10.20-13.55.28:675][125]LogModuleManager: Shutting down and abandoning module Android_PVRTCTargetPlatform (34)
[2015.10.20-13.55.28:696][125]LogModuleManager: Shutting down and abandoning module Android_ETC2TargetPlatform (33)
[2015.10.20-13.55.28:712][125]LogModuleManager: Shutting down and abandoning module Android_ETC1TargetPlatform (32)
[2015.10.20-13.55.28:729][125]LogModuleManager: Shutting down and abandoning module Android_DXTTargetPlatform (31)
[2015.10.20-13.55.28:776][125]LogModuleManager: Shutting down and abandoning module Android_ATCTargetPlatform (30)
[2015.10.20-13.55.28:831][125]LogModuleManager: Shutting down and abandoning module Android_ASTCTargetPlatform (29)
[2015.10.20-13.55.28:863][125]LogModuleManager: Shutting down and abandoning module AndroidTargetPlatform (28)
[2015.10.20-13.55.28:899][125]LogModuleManager: Shutting down and abandoning module WindowsTargetPlatform (27)
[2015.10.20-13.55.28:899][125]LogModuleManager: Shutting down and abandoning module WindowsServerTargetPlatform (26)
[2015.10.20-13.55.28:923][125]LogModuleManager: Shutting down and abandoning module WindowsNoEditorTargetPlatform (25)
[2015.10.20-13.55.28:936][125]LogModuleManager: Shutting down and abandoning module WindowsClientTargetPlatform (24)
[2015.10.20-13.55.28:952][125]LogModuleManager: Shutting down and abandoning module AllDesktopTargetPlatform (23)
[2015.10.20-13.55.28:969][125]LogModuleManager: Shutting down and abandoning module TargetPlatform (22)
[2015.10.20-13.55.28:969][125]LogModuleManager: Shutting down and abandoning module InputCore (21)
[2015.10.20-13.55.28:969][125]LogModuleManager: Shutting down and abandoning module Settings (20)
[2015.10.20-13.55.28:969][125]LogModuleManager: Shutting down and abandoning module OnlineSubsystem (18)
[2015.10.20-13.55.28:969][125]LogModuleManager: Shutting down and abandoning module HTTP (17)
[2015.10.20-13.55.30:971][125]LogModuleManager: Shutting down and abandoning module XMPP (16)
[2015.10.20-13.55.31:148][125]LogModuleManager: Shutting down and abandoning module ExampleDeviceProfileSelector (15)
[2015.10.20-13.55.31:148][125]LogModuleManager: Shutting down and abandoning module TextureCompressor (14)
[2015.10.20-13.55.31:181][125]LogModuleManager: Shutting down and abandoning module ShaderCore (13)
[2015.10.20-13.55.31:181][125]LogModuleManager: Shutting down and abandoning module Landscape (12)
[2015.10.20-13.55.31:181][125]LogModuleManager: Shutting down and abandoning module SlateRHIRenderer (11)
[2015.10.20-13.55.31:303][125]LogModuleManager: Shutting down and abandoning module OpenGLDrv (10)
[2015.10.20-13.55.31:336][125]LogModuleManager: Shutting down and abandoning module D3D11RHI (9)
[2015.10.20-13.55.31:336][125]LogModuleManager: Shutting down and abandoning module AnimGraphRuntime (8)
[2015.10.20-13.55.31:396][125]LogModuleManager: Shutting down and abandoning module Renderer (7)
[2015.10.20-13.55.31:396][125]LogModuleManager: Shutting down and abandoning module Engine (6)
[2015.10.20-13.55.31:396][125]LogModuleManager: Shutting down and abandoning module CoreUObject (5)
[2015.10.20-13.55.31:396][125]LogModuleManager: Shutting down and abandoning module NetworkFile (4)
[2015.10.20-13.55.31:498][125]LogModuleManager: Shutting down and abandoning module StreamingFile (3)
[2015.10.20-13.55.31:552][125]LogModuleManager: Shutting down and abandoning module SandboxFile (2)
[2015.10.20-13.55.31:579][125]LogModuleManager: Shutting down and abandoning module PakFile (1)
[2015.10.20-13.55.31:704][125]LogExit: Exiting.
[2015.10.20-13.55.31:724][125]Log file closed, 10/20/15 15:55:31
